[35m[1mScanning dependencies of target trajectory_follower[0m
[ 40%] Built target logger
[ 80%] [32mBuilding CXX object CMakeFiles/trajectory_follower.dir/src/kinematic_position_controller_node.cpp.o[0m
[ 80%] [32mBuilding CXX object CMakeFiles/trajectory_follower.dir/src/KinematicPositionController.cpp.o[0m
[01m[K/home/juan/catkin_ws/src/lazo_cerrado/src/KinematicPositionController.cpp:[m[K In member function â€˜[01m[Kvoid KinematicPositionController::getBaseLinkEKFPose(const ros::Time&)[m[Kâ€™:
[01m[K/home/juan/catkin_ws/src/lazo_cerrado/src/KinematicPositionController.cpp:92:3:[m[K [01;31m[Kerror: [m[Kâ€˜[01m[Kx[m[Kâ€™ was not declared in this scope
   x = odom_to_robot_ekf.getOrigin().getX();
[01;32m[K   ^[m[K
[01m[K/home/juan/catkin_ws/src/lazo_cerrado/src/KinematicPositionController.cpp:93:3:[m[K [01;31m[Kerror: [m[Kâ€˜[01m[Ky[m[Kâ€™ was not declared in this scope
   y = odom_to_robot_ekf.getOrigin().getY();
[01;32m[K   ^[m[K
[01m[K/home/juan/catkin_ws/src/lazo_cerrado/src/KinematicPositionController.cpp:[m[K In member function â€˜[01m[Kbool KinematicPositionController::getPursuitBasedGoal(const ros::Time&, double&, double&, double&)[m[Kâ€™:
[01m[K/home/juan/catkin_ws/src/lazo_cerrado/src/KinematicPositionController.cpp:196:12:[m[K [01;35m[Kwarning: [m[Kunused variable â€˜[01m[Kwpoint_a[m[Kâ€™ [-Wunused-variable]
     double wpoint_a = tf2::getYaw(wpoint.transform.rotation);
[01;32m[K            ^[m[K
CMakeFiles/trajectory_follower.dir/build.make:86: recipe for target 'CMakeFiles/trajectory_follower.dir/src/KinematicPositionController.cpp.o' failed
make[2]: *** [CMakeFiles/trajectory_follower.dir/src/KinematicPositionController.cpp.o] Error 1
make[2]: *** Waiting for unfinished jobs....
CMakeFiles/Makefile2:1384: recipe for target 'CMakeFiles/trajectory_follower.dir/all' failed
make[1]: *** [CMakeFiles/trajectory_follower.dir/all] Error 2
Makefile:138: recipe for target 'all' failed
make: *** [all] Error 2
